#
# There is insufficient memory for the Java Runtime Environment to continue.
# Native memory allocation (mmap) failed to map 67108864 bytes for G1 virtual space
# Possible reasons:
#   The system is out of physical RAM or swap space
#   The process is running with CompressedOops enabled, and the Java Heap may be blocking the growth of the native heap
# Possible solutions:
#   Reduce memory load on the system
#   Increase physical memory or swap space
#   Check if swap backing store is full
#   Decrease Java heap size (-Xmx/-Xms)
#   Decrease number of Java threads
#   Decrease Java thread stack sizes (-Xss)
#   Set larger code cache with -XX:ReservedCodeCacheSize=
#   JVM is running with Unscaled Compressed Oops mode in which the Java heap is
#     placed in the first 4GB address space. The Java Heap base address is the
#     maximum limit for the native heap growth. Please use -XX:HeapBaseMinAddress
#     to set the Java Heap base and to place the Java Heap above 4GB virtual address.
# This output file may be truncated or incomplete.
#
#  Out of Memory Error (os_windows.cpp:3600), pid=7692, tid=9068
#
# JRE version:  (21.0.4+8) (build )
# Java VM: Java HotSpot(TM) 64-Bit Server VM (21.0.4+8-LTS-274, mixed mode, sharing, tiered, compressed oops, compressed class ptrs, g1 gc, windows-amd64)
# No core dump will be written. Minidumps are not enabled by default on client versions of Windows
#

---------------  S U M M A R Y ------------

Command Line: -Xmx64m -Xms64m -Dorg.gradle.appname=gradlew C:\Users\ASUS\Desktop\HimSafeNet\HimSafeNetMesh\android\\gradle\wrapper\gradle-wrapper.jar app:installDebug -PreactNativeDevServerPort=8081

Host: 12th Gen Intel(R) Core(TM) i5-12500H, 16 cores, 15G,  Windows 11 , 64 bit Build 26100 (10.0.26100.5074)
Time: Fri Sep 12 03:05:32 2025 India Standard Time elapsed time: 0.014515 seconds (0d 0h 0m 0s)

---------------  T H R E A D  ---------------

Current thread (0x00000239539d33f0):  JavaThread "Unknown thread" [_thread_in_vm, id=9068, stack(0x000000c913500000,0x000000c913600000) (1024K)]

Stack: [0x000000c913500000,0x000000c913600000]
Native frames: (J=compiled Java code, j=interpreted, Vv=VM code, C=native code)
V  [jvm.dll+0x6c8e59]
V  [jvm.dll+0x853181]
V  [jvm.dll+0x8556ae]
V  [jvm.dll+0x855d83]
V  [jvm.dll+0x27d526]
V  [jvm.dll+0x6c55f5]
V  [jvm.dll+0x6ba17a]
V  [jvm.dll+0x352a8a]
V  [jvm.dll+0x35a6e6]
V  [jvm.dll+0x3acdae]
V  [jvm.dll+0x3ad058]
V  [jvm.dll+0x326dec]
V  [jvm.dll+0x32794b]
V  [jvm.dll+0x81c569]
V  [jvm.dll+0x3b9a11]
V  [jvm.dll+0x805948]
V  [jvm.dll+0x44ec5e]
V  [jvm.dll+0x450851]
C  [jli.dll+0x52a3]
C  [ucrtbase.dll+0x37b0]
C  [KERNEL32.DLL+0x2e8d7]
C  [ntdll.dll+0x8d9c]


---------------  P R O C E S S  ---------------

Threads class SMR info:
_java_thread_list=0x00007ffca7a76c08, length=0, elements={
}

Java Threads: ( => current thread )
Total: 0

Other Threads:
  0x0000023955d18a10 WorkerThread "GC Thread#0"                     [id=15648, stack(0x000000c913600000,0x000000c913700000) (1024K)]
  0x0000023955d1b360 ConcurrentGCThread "G1 Main Marker"            [id=10388, stack(0x000000c913700000,0x000000c913800000) (1024K)]
  0x0000023955d1da30 WorkerThread "G1 Conc#0"                       [id=19560, stack(0x000000c913800000,0x000000c913900000) (1024K)]

[error occurred during error reporting (printing all threads), id 0xc0000005, EXCEPTION_ACCESS_VIOLATION (0xc0000005) at pc=0x00007ffca71e9577]
VM state: not at safepoint (not fully initialized)

VM Mutex/Monitor currently owned by a thread:  ([mutex/lock_event])
[0x00007ffca7ae7f98] Heap_lock - owner thread: 0x00000239539d33f0

Heap address: 0x00000000fc000000, size: 64 MB, Compressed Oops mode: 32-bit

CDS archive(s) mapped at: [0x0000000000000000-0x0000000000000000-0x0000000000000000), size 0, SharedBaseAddress: 0x0000000800000000, ArchiveRelocationMode: 1.
Narrow klass base: 0x0000000000000000, Narrow klass shift: 0, Narrow klass range: 0x0

GC Precious Log:
 CardTable entry size: 512
 Card Set container configuration: InlinePtr #cards 5 size 8 Array Of Cards #cards 12 size 40 Howl #buckets 4 coarsen threshold 1843 Howl Bitmap #cards 512 size 80 coarsen threshold 460 Card regions per heap region 1 cards per card region 2048

Heap:
 garbage-first heap   total 0K, used 0K [0x00000000fc000000, 0x0000000100000000)
  region size 1024K, 0 young (0K), 0 survivors (0K)

[error occurred during error reporting (printing heap information), id 0xc0000005, EXCEPTION_ACCESS_VIOLATION (0xc0000005) at pc=0x00007ffca75d1df9]
GC Heap History (0 events):
No events

Dll operation events (1 events):
Event: 0.006 Loaded shared library C:\Program Files\Java\jdk-21\bin\java.dll

Deoptimization events (0 events):
No events

Classes loaded (0 events):
No events

Classes unloaded (0 events):
No events

Classes redefined (0 events):
No events

Internal exceptions (0 events):
No events

ZGC Phase Switch (0 events):
No events

VM Operations (0 events):
No events

Events (0 events):
No events


Dynamic libraries:
0x00007ff6cab70000 - 0x00007ff6cab80000 	C:\Program Files\Java\jdk-21\bin\java.exe
0x00007ffd1c6c0000 - 0x00007ffd1c929000 	C:\WINDOWS\SYSTEM32\ntdll.dll
0x00007ffd1a490000 - 0x00007ffd1a559000 	C:\WINDOWS\System32\KERNEL32.DLL
0x00007ffd19e00000 - 0x00007ffd1a1f3000 	C:\WINDOWS\System32\KERNELBASE.dll
0x00007ffd1a200000 - 0x00007ffd1a34b000 	C:\WINDOWS\System32\ucrtbase.dll
0x00007ffca7c90000 - 0x00007ffca7ca9000 	C:\Program Files\Java\jdk-21\bin\jli.dll
0x00007ffca7c70000 - 0x00007ffca7c8b000 	C:\Program Files\Java\jdk-21\bin\VCRUNTIME140.dll
0x00007ffd1ac00000 - 0x00007ffd1acb4000 	C:\WINDOWS\System32\ADVAPI32.dll
0x00007ffd1c470000 - 0x00007ffd1c519000 	C:\WINDOWS\System32\msvcrt.dll
0x00007ffd1a610000 - 0x00007ffd1a6b6000 	C:\WINDOWS\System32\sechost.dll
0x00007ffd1b4c0000 - 0x00007ffd1b5d8000 	C:\WINDOWS\System32\RPCRT4.dll
0x00007ffd1adc0000 - 0x00007ffd1af84000 	C:\WINDOWS\System32\USER32.dll
0x00007ffd199d0000 - 0x00007ffd199f7000 	C:\WINDOWS\System32\win32u.dll
0x00007ffcfe650000 - 0x00007ffcfe8e3000 	C:\WINDOWS\WinSxS\amd64_microsoft.windows.common-controls_6595b64144ccf1df_6.0.26100.5074_none_3e0d6f78e32fd63f\COMCTL32.dll
0x00007ffd1b490000 - 0x00007ffd1b4bb000 	C:\WINDOWS\System32\GDI32.dll
0x00007ffd19cd0000 - 0x00007ffd19dfd000 	C:\WINDOWS\System32\gdi32full.dll
0x00007ffd1a3e0000 - 0x00007ffd1a483000 	C:\WINDOWS\System32\msvcp_win.dll
0x00007ffd0dd00000 - 0x00007ffd0dd0b000 	C:\WINDOWS\SYSTEM32\VERSION.dll
0x00007ffd1b440000 - 0x00007ffd1b46f000 	C:\WINDOWS\System32\IMM32.DLL
0x00007ffca7c60000 - 0x00007ffca7c6c000 	C:\Program Files\Java\jdk-21\bin\vcruntime140_1.dll
0x00007ffca7bd0000 - 0x00007ffca7c5e000 	C:\Program Files\Java\jdk-21\bin\msvcp140.dll
0x00007ffca6eb0000 - 0x00007ffca7bc3000 	C:\Program Files\Java\jdk-21\bin\server\jvm.dll
0x00007ffd1a740000 - 0x00007ffd1a7b4000 	C:\WINDOWS\System32\WS2_32.dll
0x00007ffd196b0000 - 0x00007ffd1970e000 	C:\WINDOWS\SYSTEM32\POWRPROF.dll
0x00007ffd0de00000 - 0x00007ffd0de35000 	C:\WINDOWS\SYSTEM32\WINMM.dll
0x00007ffd19690000 - 0x00007ffd196a4000 	C:\WINDOWS\SYSTEM32\UMPDC.dll
0x00007ffd18630000 - 0x00007ffd1864b000 	C:\WINDOWS\SYSTEM32\kernel.appcore.dll
0x00007ffca6ea0000 - 0x00007ffca6eaa000 	C:\Program Files\Java\jdk-21\bin\jimage.dll
0x00007ffd16fc0000 - 0x00007ffd17202000 	C:\WINDOWS\SYSTEM32\DBGHELP.DLL
0x00007ffd1a7c0000 - 0x00007ffd1ab3b000 	C:\WINDOWS\System32\combase.dll
0x00007ffd1c390000 - 0x00007ffd1c467000 	C:\WINDOWS\System32\OLEAUT32.dll
0x00007ffd04640000 - 0x00007ffd0467d000 	C:\WINDOWS\SYSTEM32\dbgcore.DLL
0x00007ffd19ac0000 - 0x00007ffd19b59000 	C:\WINDOWS\System32\bcryptPrimitives.dll
0x00007ffca6e80000 - 0x00007ffca6e9f000 	C:\Program Files\Java\jdk-21\bin\java.dll

dbghelp: loaded successfully - version: 4.0.5 - missing functions: none
symbol engine: initialized successfully - sym options: 0x614 - pdb path: .;C:\Program Files\Java\jdk-21\bin;C:\WINDOWS\SYSTEM32;C:\WINDOWS\WinSxS\amd64_microsoft.windows.common-controls_6595b64144ccf1df_6.0.26100.5074_none_3e0d6f78e32fd63f;C:\Program Files\Java\jdk-21\bin\server

VM Arguments:
jvm_args: -Xmx64m -Xms64m -Dorg.gradle.appname=gradlew 
java_command: C:\Users\ASUS\Desktop\HimSafeNet\HimSafeNetMesh\android\\gradle\wrapper\gradle-wrapper.jar app:installDebug -PreactNativeDevServerPort=8081
java_class_path (initial): C:\Users\ASUS\Desktop\HimSafeNet\HimSafeNetMesh\android\\gradle\wrapper\gradle-wrapper.jar
Launcher Type: SUN_STANDARD

[Global flags]
     intx CICompilerCount                          = 12                                        {product} {ergonomic}
     uint ConcGCThreads                            = 3                                         {product} {ergonomic}
     uint G1ConcRefinementThreads                  = 13                                        {product} {ergonomic}
   size_t G1HeapRegionSize                         = 1048576                                   {product} {ergonomic}
    uintx GCDrainStackTargetSize                   = 64                                        {product} {ergonomic}
   size_t InitialHeapSize                          = 67108864                                  {product} {command line}
   size_t MarkStackSize                            = 4194304                                   {product} {ergonomic}
   size_t MaxHeapSize                              = 67108864                                  {product} {command line}
   size_t MinHeapDeltaBytes                        = 1048576                                   {product} {ergonomic}
   size_t MinHeapSize                              = 67108864                                  {product} {command line}
    uintx NonNMethodCodeHeapSize                   = 7602480                                {pd product} {ergonomic}
    uintx NonProfiledCodeHeapSize                  = 122027880                              {pd product} {ergonomic}
    uintx ProfiledCodeHeapSize                     = 122027880                              {pd product} {ergonomic}
    uintx ReservedCodeCacheSize                    = 251658240                              {pd product} {ergonomic}
     bool SegmentedCodeCache                       = true                                      {product} {ergonomic}
   size_t SoftMaxHeapSize                          = 67108864                               {manageable} {ergonomic}
     bool UseCompressedOops                        = true                           {product lp64_product} {ergonomic}
     bool UseG1GC                                  = true                                      {product} {ergonomic}
     bool UseLargePagesIndividualAllocation        = false                                  {pd product} {ergonomic}

Logging:
Log output configuration:
 #0: stdout all=warning uptime,level,tags foldmultilines=false
 #1: stderr all=off uptime,level,tags foldmultilines=false

Environment Variables:
JAVA_HOME=C:\Program Files\Java\jdk-21
PATH=C:\Users\ASUS\Desktop\HimSafeNet\HimSafeNetMesh\node_modules\.bin;C:\Users\ASUS\Desktop\HimSafeNet\HimSafeNetMesh\node_modules\.bin;C:\Users\ASUS\Desktop\HimSafeNet\node_modules\.bin;C:\Users\ASUS\Desktop\node_modules\.bin;C:\Users\ASUS\node_modules\.bin;C:\Users\node_modules\.bin;C:\node_modules\.bin;C:\Users\ASUS\AppData\Roaming\npm\node_modules\npm\node_modules\@npmcli\run-script\lib\node-gyp-bin;d:\cursor\resources\app\bin;C:\Program Files\Google\Chrome\Application;C:\Program Files\Python311\Scripts\;C:\Users\ASUS\AppData\Local\Programs\Python\Python39\python.exe;C:\Program Files\Common Files\Oracle\Java\javapath;C:\WINDOWS\system32;C:\WINDOWS;C:\WINDOWS\System32\Wbem;C:\WINDOWS\System32\WindowsPowerShell\v1.0\;C:\WINDOWS\System32\OpenSSH\;C:\MinGW\bin;C:\Program Files\Git\cmd;C:\Program Files\MongoDB\mongosh-1.10.6-win32-x64\bin;C:\Program Files\Docker\Docker\resources\bin;C:\Program Files\Java\jdk-21\bin;C:\Program Files\nodejs\;C:\Users\ASUS\AppData\Local\Programs\Python\Python39\Scripts\;C:\Users\ASUS\AppData\Local\Programs\Python\Python39\;C:\Users\ASUS\AppData\Local\Microsoft\WindowsApps;C:\MinGW\bin;C:\Users\ASUS\Desktop\IntelliJ IDEA Community Edition 2023.1.1\bin;C:\MinGW\bin;C:\Users\ASUS\Desktop\apache-maven-3.8.8-bin.zip\apache-maven-3.8.8\bin;;C:\Program Files\MongoDB\Server\7.0\bin;;D:\IntelliJ IDEA 2024.3.1.1\bin;;C:\Users\ASUS\AppData\Roaming\npm;d:\cursor\resources\app\bin;d:\cursor\resources\app\bin;C:\Users\ASUS\AppData\Local\Programs\Python\Python39\Scripts\;C:\Users\ASUS\AppData\Local\Programs\Python\Python39\;C:\Users\ASUS\AppData\Local\Microsoft\WindowsApps;C:\MinGW\bin;C:\Users\ASUS\AppData\Local\Programs\Microsoft VS Code\bin;C:\Users\ASUS\Desktop\IntelliJ IDEA Community Edition 2023.1.1\bin;C:\MinGW\bin;C:\Users\ASUS\Desktop\apache-maven-3.8.8-bin.zip\apache-maven-3.8.8\bin;;C:\Program Files\MongoDB\Server\7.0\bin;D:\IntelliJ IDEA 2024.3.1.1\bin;;C:\Users\ASUS\AppData\Roaming\npm;D:\cursor\resources\app\bin;C:\Users\ASUS\AppData\Local\Android\Sdk\platform-tools;
USERNAME=ASUS
LANG=en_US.UTF-8
OS=Windows_NT
PROCESSOR_IDENTIFIER=Intel64 Family 6 Model 154 Stepping 3, GenuineIntel
TMP=C:\Users\ASUS\AppData\Local\Temp
TEMP=C:\Users\ASUS\AppData\Local\Temp




Periodic native trim disabled

---------------  S Y S T E M  ---------------

OS:
 Windows 11 , 64 bit Build 26100 (10.0.26100.5074)
OS uptime: 0 days 1:45 hours
Hyper-V role detected

CPU: total 16 (initial active 16) (8 cores per cpu, 2 threads per core) family 6 model 154 stepping 3 microcode 0x432, cx8, cmov, fxsr, ht, mmx, 3dnowpref, sse, sse2, sse3, ssse3, sse4.1, sse4.2, popcnt, lzcnt, tsc, tscinvbit, avx, avx2, aes, erms, clmul, bmi1, bmi2, adx, sha, fma, vzeroupper, clflush, clflushopt, clwb, hv, serialize, rdtscp, rdpid, fsrm, f16c, cet_ibt, cet_ss
Processor Information for processor 0
  Max Mhz: 2500, Current Mhz: 2500, Mhz Limit: 2500
Processor Information for processor 1
  Max Mhz: 2500, Current Mhz: 2500, Mhz Limit: 2500
Processor Information for processor 2
  Max Mhz: 2500, Current Mhz: 2500, Mhz Limit: 2500
Processor Information for processor 3
  Max Mhz: 2500, Current Mhz: 2500, Mhz Limit: 2500
Processor Information for processor 4
  Max Mhz: 2500, Current Mhz: 2500, Mhz Limit: 2500
Processor Information for processor 5
  Max Mhz: 2500, Current Mhz: 2500, Mhz Limit: 2500
Processor Information for processor 6
  Max Mhz: 2500, Current Mhz: 2500, Mhz Limit: 2500
Processor Information for processor 7
  Max Mhz: 2500, Current Mhz: 2500, Mhz Limit: 2500
Processor Information for processor 8
  Max Mhz: 2500, Current Mhz: 1800, Mhz Limit: 1800
Processor Information for processor 9
  Max Mhz: 2500, Current Mhz: 1800, Mhz Limit: 1800
Processor Information for processor 10
  Max Mhz: 2500, Current Mhz: 1500, Mhz Limit: 1800
Processor Information for processor 11
  Max Mhz: 2500, Current Mhz: 1800, Mhz Limit: 1800
Processor Information for processor 12
  Max Mhz: 2500, Current Mhz: 1800, Mhz Limit: 1800
Processor Information for processor 13
  Max Mhz: 2500, Current Mhz: 1800, Mhz Limit: 1800
Processor Information for processor 14
  Max Mhz: 2500, Current Mhz: 1800, Mhz Limit: 1800
Processor Information for processor 15
  Max Mhz: 2500, Current Mhz: 1800, Mhz Limit: 1800

Memory: 4k page, system-wide physical 16004M (1352M free)
TotalPageFile size 41175M (AvailPageFile size 38M)
current process WorkingSet (physical memory assigned to process): 12M, peak: 12M
current process commit charge ("private bytes"): 69M, peak: 133M

vm_info: Java HotSpot(TM) 64-Bit Server VM (21.0.4+8-LTS-274) for windows-amd64 JRE (21.0.4+8-LTS-274), built on 2024-06-05T05:23:33Z by "mach5one" with MS VC++ 17.6 (VS2022)

END.
